Hola mundo! Soy el proceso hijo!
Voy a imprimir 100 veces un mensaje por pantalla
Mensaje 1
Mensaje 2
Mensaje 3
Mensaje 4
Mensaje 5
Mensaje 6
Mensaje 7
Mensaje 8
Mensaje 9
Mensaje 10
Mensaje 11
Mensaje 12
Mensaje 13
Mensaje 14
Mensaje 15
Mensaje 16
Mensaje 17
Mensaje 18
Mensaje 19
Mensaje 20
Mensaje 21
Mensaje 22
Mensaje 23
Mensaje 24
Mensaje 25
Mensaje 26
Mensaje 27
Mensaje 28
Mensaje 29
Mensaje 30
Mensaje 31
Mensaje 32
Mensaje 33
Mensaje 34
Mensaje 35
Mensaje 36
Mensaje 37
Mensaje 38
Mensaje 39
Mensaje 40
Mensaje 41
Mensaje 42
Mensaje 43
Mensaje 44
Mensaje 45
Mensaje 46
Mensaje 47
Mensaje 48
Mensaje 49
Mensaje 50
Mensaje 51
Mensaje 52
Mensaje 53
Mensaje 54
Mensaje 55
Mensaje 56
Mensaje 57
Mensaje 58
Mensaje 59
Mensaje 60
Mensaje 61
Mensaje 62
Mensaje 63
Mensaje 64
Mensaje 65
Mensaje 66
Mensaje 67
Mensaje 68
Mensaje 69
Mensaje 70
Mensaje 71
Mensaje 72
Mensaje 73
Mensaje 74
Mensaje 75
Mensaje 76
Mensaje 77
Mensaje 78
Mensaje 79
Mensaje 80
Mensaje 81
Mensaje 82
Mensaje 83
Mensaje 84
Mensaje 85
Mensaje 86
Mensaje 87
Mensaje 88
Mensaje 89
Mensaje 90
Mensaje 91
Mensaje 92
Mensaje 93
Mensaje 94
Mensaje 95
Mensaje 96
Mensaje 97
Mensaje 98
Mensaje 99
Mensaje 100
Hola mundo! Soy el proceso padre!
Timestamp: 1728670211
Hola mundo! Soy el proceso hijo!
Voy a imprimir 100 veces un mensaje por pantalla
Mensaje 1
Mensaje 2
Mensaje 3
Mensaje 4
Mensaje 5
Mensaje 6
Mensaje 7
Mensaje 8
Mensaje 9
Mensaje 10
Mensaje 11
Mensaje 12
Mensaje 13
Mensaje 14
Mensaje 15
Mensaje 16
Mensaje 17
Mensaje 18
Mensaje 19
Mensaje 20
Mensaje 21
Mensaje 22
Mensaje 23
Mensaje 24
Mensaje 25
Mensaje 26
Mensaje 27
Mensaje 28
Mensaje 29
Mensaje 30
Mensaje 31
Mensaje 32
Mensaje 33
Mensaje 34
Mensaje 35
Mensaje 36
Mensaje 37
Mensaje 38
Mensaje 39
Mensaje 40
Mensaje 41
Mensaje 42
Mensaje 43
Mensaje 44
Mensaje 45
Mensaje 46
Mensaje 47
Mensaje 48
Mensaje 49
Mensaje 50
Mensaje 51
Mensaje 52
Mensaje 53
Mensaje 54
Mensaje 55
Mensaje 56
Mensaje 57
Mensaje 58
Mensaje 59
Mensaje 60
Mensaje 61
Mensaje 62
Mensaje 63
Mensaje 64
Mensaje 65
Mensaje 66
Mensaje 67
Mensaje 68
Mensaje 69
Mensaje 70
Mensaje 71
Mensaje 72
Mensaje 73
Mensaje 74
Mensaje 75
Mensaje 76
Mensaje 77
Mensaje 78
Mensaje 79
Mensaje 80
Mensaje 81
Mensaje 82
Mensaje 83
Mensaje 84
Mensaje 85
Mensaje 86
Mensaje 87
Mensaje 88
Mensaje 89
Mensaje 90
Mensaje 91
Mensaje 92
Mensaje 93
Mensaje 94
Mensaje 95
Mensaje 96
Mensaje 97
Mensaje 98
Mensaje 99
Mensaje 100
Hola mundo! Soy el proceso padre!
Timestamp: 1728670271
Hola mundo! Soy el proceso hijo!
Voy a imprimir 100 veces un mensaje por pantalla
Mensaje 1
Mensaje 2
Mensaje 3
Mensaje 4
Mensaje 5
Mensaje 6
Mensaje 7
Mensaje 8
Mensaje 9
Mensaje 10
Mensaje 11
Mensaje 12
Mensaje 13
Mensaje 14
Mensaje 15
Mensaje 16
Mensaje 17
Mensaje 18
Mensaje 19
Mensaje 20
Mensaje 21
Mensaje 22
Mensaje 23
Mensaje 24
Mensaje 25
Mensaje 26
Mensaje 27
Mensaje 28
Mensaje 29
Mensaje 30
Mensaje 31
Mensaje 32
Mensaje 33
Mensaje 34
Mensaje 35
Mensaje 36
Mensaje 37
Mensaje 38
Mensaje 39
Mensaje 40
Mensaje 41
Mensaje 42
Mensaje 43
Mensaje 44
Mensaje 45
Mensaje 46
Mensaje 47
Mensaje 48
Mensaje 49
Mensaje 50
Mensaje 51
Mensaje 52
Mensaje 53
Mensaje 54
Mensaje 55
Mensaje 56
Mensaje 57
Mensaje 58
Mensaje 59
Mensaje 60
Mensaje 61
Mensaje 62
Mensaje 63
Mensaje 64
Mensaje 65
Mensaje 66
Mensaje 67
Mensaje 68
Mensaje 69
Mensaje 70
Mensaje 71
Mensaje 72
Mensaje 73
Mensaje 74
Mensaje 75
Mensaje 76
Mensaje 77
Mensaje 78
Mensaje 79
Mensaje 80
Mensaje 81
Mensaje 82
Mensaje 83
Mensaje 84
Mensaje 85
Mensaje 86
Mensaje 87
Mensaje 88
Mensaje 89
Mensaje 90
Mensaje 91
Mensaje 92
Mensaje 93
Mensaje 94
Mensaje 95
Mensaje 96
Mensaje 97
Mensaje 98
Mensaje 99
Mensaje 100
Hola mundo! Soy el proceso padre!
Timestamp: 1728670331
Hola mundo! Soy el proceso hijo!
Voy a imprimir 100 veces un mensaje por pantalla
Mensaje 1
Mensaje 2
Mensaje 3
Mensaje 4
Mensaje 5
Mensaje 6
Mensaje 7
Mensaje 8
Mensaje 9
Mensaje 10
Mensaje 11
Mensaje 12
Mensaje 13
Mensaje 14
Mensaje 15
Mensaje 16
Mensaje 17
Mensaje 18
Mensaje 19
Mensaje 20
Mensaje 21
Mensaje 22
Mensaje 23
Mensaje 24
Mensaje 25
Mensaje 26
Mensaje 27
Mensaje 28
Mensaje 29
Mensaje 30
Mensaje 31
Mensaje 32
Mensaje 33
Mensaje 34
Mensaje 35
Mensaje 36
Mensaje 37
Mensaje 38
Mensaje 39
Mensaje 40
Mensaje 41
Mensaje 42
Mensaje 43
Mensaje 44
Mensaje 45
Mensaje 46
Mensaje 47
Mensaje 48
Mensaje 49
Mensaje 50
Mensaje 51
Mensaje 52
Mensaje 53
Mensaje 54
Mensaje 55
Mensaje 56
Mensaje 57
Mensaje 58
Mensaje 59
Mensaje 60
Mensaje 61
Mensaje 62
Mensaje 63
Mensaje 64
Mensaje 65
Mensaje 66
Mensaje 67
Mensaje 68
Mensaje 69
Mensaje 70
Mensaje 71
Mensaje 72
Mensaje 73
Mensaje 74
Mensaje 75
Mensaje 76
Mensaje 77
Mensaje 78
Mensaje 79
Mensaje 80
Mensaje 81
Mensaje 82
Mensaje 83
Mensaje 84
Mensaje 85
Mensaje 86
Mensaje 87
Mensaje 88
Mensaje 89
Mensaje 90
Mensaje 91
Mensaje 92
Mensaje 93
Mensaje 94
Mensaje 95
Mensaje 96
Mensaje 97
Mensaje 98
Mensaje 99
Mensaje 100
Hola mundo! Soy el proceso padre!
Timestamp: 1728670388
